#
# There is insufficient memory for the Java Runtime Environment to continue.
# Native memory allocation (mmap) failed to map 134217728 bytes for G1 virtual space
# Possible reasons:
#   The system is out of physical RAM or swap space
#   The process is running with CompressedOops enabled, and the Java Heap may be blocking the growth of the native heap
# Possible solutions:
#   Reduce memory load on the system
#   Increase physical memory or swap space
#   Check if swap backing store is full
#   Decrease Java heap size (-Xmx/-Xms)
#   Decrease number of Java threads
#   Decrease Java thread stack sizes (-Xss)
#   Set larger code cache with -XX:ReservedCodeCacheSize=
#   JVM is running with Unscaled Compressed Oops mode in which the Java heap is
#     placed in the first 4GB address space. The Java Heap base address is the
#     maximum limit for the native heap growth. Please use -XX:HeapBaseMinAddress
#     to set the Java Heap base and to place the Java Heap above 4GB virtual address.
# This output file may be truncated or incomplete.
#
#  Out of Memory Error (./src/hotspot/os/windows/os_windows.cpp:3321), pid=8352, tid=8836
#
# JRE version:  (15.0.2+7) (build )
# Java VM: OpenJDK 64-Bit Server VM (15.0.2+7, mixed mode, sharing, tiered, compressed oops, g1 gc, windows-amd64)
# No core dump will be written. Minidumps are not enabled by default on client versions of Windows
#

---------------  S U M M A R Y ------------

Command Line: -agentlib:jdwp=transport=dt_socket,address=127.0.0.1:57950,suspend=y,server=n -javaagent:C:\Users\Usuari\AppData\Local\JetBrains\IdeaIC2021.3\captureAgent\debugger-agent.jar -Dfile.encoding=UTF-8 Scala.Main

Host: Intel(R) Core(TM) i7-7700HQ CPU @ 2.80GHz, 8 cores, 7G,  Windows 10 , 64 bit Build 19041 (10.0.19041.1466)
Time: Mon Feb  7 18:32:20 2022 Hora estándar romance elapsed time: 0.081468 seconds (0d 0h 0m 0s)

---------------  T H R E A D  ---------------

Current thread (0x0000018c5d2baa30):  JavaThread "Unknown thread" [_thread_in_vm, id=8836, stack(0x00000066d3600000,0x00000066d3700000)]

Stack: [0x00000066d3600000,0x00000066d3700000]
Native frames: (J=compiled Java code, j=interpreted, Vv=VM code, C=native code)
V  [jvm.dll+0x5f7aea]
V  [jvm.dll+0x7978c9]
V  [jvm.dll+0x799023]
V  [jvm.dll+0x799673]
V  [jvm.dll+0x1fc4f8]
V  [jvm.dll+0x5f4e3a]
V  [jvm.dll+0x5e9c25]
V  [jvm.dll+0x2b5c2d]
V  [jvm.dll+0x2b5a92]
V  [jvm.dll+0x2bb8fc]
V  [jvm.dll+0x307748]
V  [jvm.dll+0x306e04]
V  [jvm.dll+0x28cd5a]
V  [jvm.dll+0x28dec0]
V  [jvm.dll+0x7752a1]
V  [jvm.dll+0x315664]
V  [jvm.dll+0x75660c]
V  [jvm.dll+0x3930ef]
V  [jvm.dll+0x394d91]
C  [jli.dll+0x5243]
C  [ucrtbase.dll+0x21bb2]
C  [KERNEL32.DLL+0x17034]
C  [ntdll.dll+0x52651]


---------------  P R O C E S S  ---------------

Threads class SMR info:
_java_thread_list=0x00007ffe733d1b90, length=0, elements={
}

Java Threads: ( => current thread )

Other Threads:
  0x0000018c5d2fc6e0 GCTaskThread "GC Thread#0" [stack: 0x00000066d3700000,0x00000066d3800000] [id=7632]
  0x0000018c5d30e5c0 ConcurrentGCThread "G1 Main Marker" [stack: 0x00000066d3800000,0x00000066d3900000] [id=7420]
  0x0000018c5d30f9f0 ConcurrentGCThread "G1 Conc#0" [stack: 0x00000066d3900000,0x00000066d3a00000] [id=3616]

[error occurred during error reporting (printing all threads), id 0xc0000005, EXCEPTION_ACCESS_VIOLATION (0xc0000005) at pc=0x00007ffe72b7de47]

VM state: not at safepoint (not fully initialized)

VM Mutex/Monitor currently owned by a thread:  ([mutex/lock_event])
[0x0000018c5d2b77e0] Heap_lock - owner thread: 0x0000018c5d2baa30

Heap address: 0x0000000081400000, size: 2028 MB, Compressed Oops mode: 32-bit
CDS archive(s) mapped at: [0x0000000000000000-0x0000000000000000-0x0000000000000000), size 0, SharedBaseAddress: 0x0000000800000000, ArchiveRelocationMode: 0.
Narrow klass base: 0x0000000000000000, Narrow klass shift: 0, Narrow klass range: 0x0

Heap:
 garbage-first heap   total 131072K, used 0K [0x0000000081400000, 0x0000000100000000)
  region size 1024K, 0 young (0K), 0 survivors (0K)
 Metaspace       used 0K, capacity 0K, committed 0K, reserved 0K
  class space    used 0K, capacity 0K, committed 0K, reserved 0K

Heap Regions: E=young(eden), S=young(survivor), O=old, HS=humongous(starts), HC=humongous(continues), CS=collection set, F=free, OA=open archive, CA=closed archive, TAMS=top-at-mark-start (previous, next)

Card table byte_map: [0x0000018c76e20000,0x0000018c77220000] _byte_map_base: 0x0000018c76a16000

Marking Bits (Prev, Next): (CMBitMap*) 0x0000018c5d2fced0, (CMBitMap*) 0x0000018c5d2fcf10
 Prev Bits: [0x0000018c77620000, 0x0000018c795d0000)
 Next Bits: [0x0000018c795d0000, 0x0000018c7b580000)

GC Heap History (0 events):
No events

Deoptimization events (0 events):
No events

Classes unloaded (0 events):
No events

Classes redefined (0 events):
No events

Internal exceptions (0 events):
No events

Events (2 events):
Event: 0.022 Loaded shared library C:\Users\Usuari\.jdks\corretto-15.0.2\bin\java.dll
Event: 0.024 Loaded shared library C:\Users\Usuari\.jdks\corretto-15.0.2\bin\zip.dll


Dynamic libraries:
0x00007ff60afa0000 - 0x00007ff60afad000 	C:\Users\Usuari\.jdks\corretto-15.0.2\bin\java.exe
0x00007ffeca510000 - 0x00007ffeca705000 	C:\WINDOWS\SYSTEM32\ntdll.dll
0x00007ffec94e0000 - 0x00007ffec959e000 	C:\WINDOWS\System32\KERNEL32.DLL
0x00007ffec7e80000 - 0x00007ffec8148000 	C:\WINDOWS\System32\KERNELBASE.dll
0x00007ffec82b0000 - 0x00007ffec83b0000 	C:\WINDOWS\System32\ucrtbase.dll
0x00007ffeb8690000 - 0x00007ffeb86a8000 	C:\Users\Usuari\.jdks\corretto-15.0.2\bin\jli.dll
0x00007ffeb1570000 - 0x00007ffeb1585000 	C:\Users\Usuari\.jdks\corretto-15.0.2\bin\VCRUNTIME140.dll
0x00007ffec8d80000 - 0x00007ffec8f21000 	C:\WINDOWS\System32\USER32.dll
0x00007ffeb7770000 - 0x00007ffeb7a0a000 	C:\WINDOWS\WinSxS\amd64_microsoft.windows.common-controls_6595b64144ccf1df_6.0.19041.1110_none_60b5254171f9507e\COMCTL32.dll
0x00007ffec8520000 - 0x00007ffec8542000 	C:\WINDOWS\System32\win32u.dll
0x00007ffec9f40000 - 0x00007ffec9fde000 	C:\WINDOWS\System32\msvcrt.dll
0x00007ffec9060000 - 0x00007ffec908b000 	C:\WINDOWS\System32\GDI32.dll
0x00007ffec7d20000 - 0x00007ffec7e2d000 	C:\WINDOWS\System32\gdi32full.dll
0x00007ffec7c80000 - 0x00007ffec7d1d000 	C:\WINDOWS\System32\msvcp_win.dll
0x00007ffec9f10000 - 0x00007ffec9f40000 	C:\WINDOWS\System32\IMM32.DLL
0x00007ffeb10d0000 - 0x00007ffeb116b000 	C:\Users\Usuari\.jdks\corretto-15.0.2\bin\msvcp140.dll
0x00007ffe728e0000 - 0x00007ffe73471000 	C:\Users\Usuari\.jdks\corretto-15.0.2\bin\server\jvm.dll
0x00007ffeca3f0000 - 0x00007ffeca49e000 	C:\WINDOWS\System32\ADVAPI32.dll
0x00007ffec9200000 - 0x00007ffec929c000 	C:\WINDOWS\System32\sechost.dll
0x00007ffec8f30000 - 0x00007ffec9055000 	C:\WINDOWS\System32\RPCRT4.dll
0x00007ffeca4a0000 - 0x00007ffeca4a8000 	C:\WINDOWS\System32\PSAPI.DLL
0x00007ffeb02d0000 - 0x00007ffeb02d9000 	C:\WINDOWS\SYSTEM32\WSOCK32.dll
0x00007ffec9ea0000 - 0x00007ffec9f0b000 	C:\WINDOWS\System32\WS2_32.dll
0x00007ffeb93d0000 - 0x00007ffeb93f7000 	C:\WINDOWS\SYSTEM32\WINMM.dll
0x00007ffebf110000 - 0x00007ffebf11a000 	C:\WINDOWS\SYSTEM32\VERSION.dll
0x00007ffec6710000 - 0x00007ffec6722000 	C:\WINDOWS\SYSTEM32\kernel.appcore.dll
0x00007ffec5510000 - 0x00007ffec551a000 	C:\Users\Usuari\.jdks\corretto-15.0.2\bin\jimage.dll
0x00007ffeae1e0000 - 0x00007ffeae3c4000 	C:\WINDOWS\SYSTEM32\DBGHELP.DLL
0x00007ffec2fa0000 - 0x00007ffec2fcc000 	C:\WINDOWS\SYSTEM32\dbgcore.DLL
0x00007ffec83e0000 - 0x00007ffec8462000 	C:\WINDOWS\System32\bcryptPrimitives.dll
0x00007ffeb0e40000 - 0x00007ffeb0e78000 	C:\Users\Usuari\.jdks\corretto-15.0.2\bin\jdwp.dll
0x00007ffec37b0000 - 0x00007ffec37be000 	C:\Users\Usuari\.jdks\corretto-15.0.2\bin\instrument.dll
0x00007ffeb0ce0000 - 0x00007ffeb0d05000 	C:\Users\Usuari\.jdks\corretto-15.0.2\bin\java.dll
0x00007ffeb0b00000 - 0x00007ffeb0b18000 	C:\Users\Usuari\.jdks\corretto-15.0.2\bin\zip.dll

dbghelp: loaded successfully - version: 4.0.5 - missing functions: none
symbol engine: initialized successfully - sym options: 0x614 - pdb path: .;C:\Users\Usuari\.jdks\corretto-15.0.2\bin;C:\WINDOWS\SYSTEM32;C:\WINDOWS\WinSxS\amd64_microsoft.windows.common-controls_6595b64144ccf1df_6.0.19041.1110_none_60b5254171f9507e;C:\Users\Usuari\.jdks\corretto-15.0.2\bin\server

VM Arguments:
jvm_args: -agentlib:jdwp=transport=dt_socket,address=127.0.0.1:57950,suspend=y,server=n -javaagent:C:\Users\Usuari\AppData\Local\JetBrains\IdeaIC2021.3\captureAgent\debugger-agent.jar -Dfile.encoding=UTF-8 
java_command: Scala.Main
java_class_path (initial): C:\Users\Usuari\Downloads\TAP_P1\bin;C:\Users\Usuari\.m2\repository\com\google\code\gson\gson\2.8.9\gson-2.8.9.jar;C:\Users\Usuari\Downloads\TAP_P1\json-simple-1.1.1.jar;C:\Users\Usuari\AppData\Local\Coursier\cache\v1\https\repo1.maven.org\maven2\org\scala-lang\scala-library\2.13.7\scala-library-2.13.7.jar;C:\Users\Usuari\AppData\Local\Coursier\cache\v1\https\repo1.maven.org\maven2\org\scala-lang\scala-reflect\2.13.7\scala-reflect-2.13.7.jar;C:\Program Files\JetBrains\IntelliJ IDEA Community Edition 2021.3\lib\idea_rt.jar
Launcher Type: SUN_STANDARD

[Global flags]
     intx CICompilerCount                          = 4                                         {product} {ergonomic}
     uint ConcGCThreads                            = 2                                         {product} {ergonomic}
     uint G1ConcRefinementThreads                  = 8                                         {product} {ergonomic}
   size_t G1HeapRegionSize                         = 1048576                                   {product} {ergonomic}
    uintx GCDrainStackTargetSize                   = 64                                        {product} {ergonomic}
   size_t InitialHeapSize                          = 134217728                                 {product} {ergonomic}
   size_t MarkStackSize                            = 4194304                                   {product} {ergonomic}
   size_t MaxHeapSize                              = 2126512128                                {product} {ergonomic}
   size_t MinHeapDeltaBytes                        = 1048576                                   {product} {ergonomic}
   size_t MinHeapSize                              = 8388608                                   {product} {ergonomic}
    uintx NonNMethodCodeHeapSize                   = 5839372                                {pd product} {ergonomic}
    uintx NonProfiledCodeHeapSize                  = 122909434                              {pd product} {ergonomic}
    uintx ProfiledCodeHeapSize                     = 122909434                              {pd product} {ergonomic}
    uintx ReservedCodeCacheSize                    = 251658240                              {pd product} {ergonomic}
     bool SegmentedCodeCache                       = true                                      {product} {ergonomic}
   size_t SoftMaxHeapSize                          = 2126512128                             {manageable} {ergonomic}
     bool UseCompressedClassPointers               = true                                 {lp64_product} {ergonomic}
     bool UseCompressedOops                        = true                                 {lp64_product} {ergonomic}
     bool UseG1GC                                  = true                                      {product} {ergonomic}
     bool UseLargePagesIndividualAllocation        = false                                  {pd product} {ergonomic}

Logging:
Log output configuration:
 #0: stdout all=warning uptime,level,tags
 #1: stderr all=off uptime,level,tags

Environment Variables:
PATH=C:\Program Files (x86)\Common Files\Oracle\Java\javapath;C:\Program Files\Common Files\Oracle\Java\javapath;C:\Program Files (x86)\NVIDIA Corporation\PhysX\Common;C:\fcs\devkitPro\msys\bin;C:\fcs\devkitPro\devkitARM\bin;C:\fcs\devkitPro\insight\bin;C:\WINDOWS\system32;C:\WINDOWS;C:\WINDOWS\System32\Wbem;C:\WINDOWS\System32\WindowsPowerShell\v1.0\;C:\WINDOWS\System32\OpenSSH\;C:\Program Files\nodejs\;C:\Program Files\Git\cmd;C:\Program Files\OpenSSH\bin;C:\Program Files\Java\jdk-14.0.2\bin;C:\Program Files\Java\jdk-15\bin;C:\Users\Usuari\AppData\Local\Microsoft\WindowsApps;;C:\Users\Usuari\AppData\Local\Programs\Microsoft VS Code\bin;C:\Users\Usuari\AppData\Roaming\npm
USERNAME=daniel
OS=Windows_NT
PROCESSOR_IDENTIFIER=Intel64 Family 6 Model 158 Stepping 9, GenuineIntel



---------------  S Y S T E M  ---------------

OS:
 Windows 10 , 64 bit Build 19041 (10.0.19041.1466)
OS uptime: 0 days 22:34 hours

CPU: total 8 (initial active 8) (4 cores per cpu, 2 threads per core) family 6 model 158 stepping 9 microcode 0xb4, cmov, cx8, fxsr, mmx, sse, sse2, sse3, ssse3, sse4.1, sse4.2, popcnt, vzeroupper, avx, avx2, aes, clmul, erms, 3dnowpref, lzcnt, ht, tsc, tscinvbit, bmi1, bmi2, adx, fma, clflush, clflushopt

Memory: 4k page, system-wide physical 8109M (911M free)
TotalPageFile size 8109M (AvailPageFile size 43M)
current process WorkingSet (physical memory assigned to process): 10M, peak: 10M
current process commit charge ("private bytes"): 60M, peak: 188M

vm_info: OpenJDK 64-Bit Server VM (15.0.2+7) for windows-amd64 JRE (15.0.2+7), built on Jan 20 2021 22:17:45 by "Administrator" with MS VC++ 15.9 (VS2017)

END.
